<?xml version="1.0" encoding="UTF-8"?>
<!-- Generated by org.testng.reporters.JUnitReportReporter -->
<testsuite hostname="MD" failures="0" tests="1" name="com.fidelis.tests.HomePageTest" time="24.718" errors="0" timestamp="2024-09-04T17:12:59 EDT" skipped="0">
  <testcase classname="com.fidelis.tests.HomePageTest" name="varifyClickOnMemberButton" time="24.718"/>
  <system-out/>
</testsuite> <!-- com.fidelis.tests.HomePageTest -->
